<?xml version="1.0" encoding="UTF-8"?>
<!-- Generated by org.testng.reporters.JUnitReportReporter -->
<testsuite hostname="DESKTOP-OMGE8E1" failures="0" tests="1" name="com.cast.CRM.Listnerutility.Capturetime" time="0.051" errors="0" timestamp="2024-07-19T13:28:03 IST" skipped="0">
  <testcase classname="com.cast.CRM.Listnerutility.Capturetime" name="time" time="0.051"/>
  <system-out/>
</testsuite> <!-- com.cast.CRM.Listnerutility.Capturetime -->
