<?xml version="1.0" encoding="UTF-8"?>
<!-- Generated by org.testng.reporters.JUnitReportReporter -->
<testsuite hostname="DESKTOP-OMGE8E1" failures="0" tests="2" name="practice_dataprovider.DataProvider" time="18.629" errors="0" timestamp="15 Jul 2024 13:39:54 GMT" skipped="0">
  <testcase classname="practice_dataprovider.DataProvider" name="searchforMultipledata" time="9.692"/>
  <testcase classname="practice_dataprovider.DataProvider" name="searchforMultipledata" time="8.937"/>
</testsuite> <!-- practice_dataprovider.DataProvider -->
