<?xml version="1.0" encoding="UTF-8"?>
<!-- Generated by org.testng.reporters.JUnitReportReporter -->
<testsuite hostname="DESKTOP-OMGE8E1" failures="0" tests="4" name="com.comcast.CRM.ContactTest.Contact" time="125.091" errors="0" timestamp="18 Jul 2024 05:59:51 GMT" skipped="0">
  <testcase classname="com.comcast.CRM.ContactTest.Contact" name="CreateContactwithSupportdate" time="25.672"/>
  <testcase classname="com.comcast.CRM.ContactTest.Contact" name="CreateContactwithSupportdate" time="24.921"/>
  <testcase classname="com.comcast.CRM.ContactTest.Contact" name="createcontactwithorg" time="38.692"/>
  <testcase classname="com.comcast.CRM.ContactTest.Contact" name="createcontactwithorg" time="35.806"/>
</testsuite> <!-- com.comcast.CRM.ContactTest.Contact -->
